<?xml version="1.0" encoding="UTF-8"?>
<!-- Generated by org.testng.reporters.JUnitReportReporter -->
<testsuite hostname="Waheed" failures="0" tests="1" name="Generic.Base" time="0.009" errors="0" timestamp="2023-03-30T22:31:51 IST" skipped="0">
  <testcase classname="Generic.Base" name="DataBaseConn" time="0.009"/>
  <system-out>
    <![CDATA[DataBase Connected Successfully]]>
  </system-out>
</testsuite> <!-- Generic.Base -->
